<?xml version="1.0" encoding="UTF-8"?>
<testsuite xmlns:xsi="http://www.w3.org/2001/XMLSchema-instance" xsi:noNamespaceSchemaLocation="https://maven.apache.org/surefire/maven-surefire-plugin/xsd/surefire-test-report-3.0.xsd" version="3.0" name="bguspl.set.ex.DealerTest" time="2.315" tests="2" errors="0" skipped="0" failures="0">
  <properties>
    <property name="java.specification.version" value="13"/>
    <property name="sun.cpu.isalist" value="amd64"/>
    <property name="sun.jnu.encoding" value="Cp1252"/>
    <property name="java.class.path" value="D:\Users\Aviv\University\SPL-ASSIGNMENTS\SPL-ASSIGNMENT_2\target\test-classes;D:\Users\Aviv\University\SPL-ASSIGNMENTS\SPL-ASSIGNMENT_2\target\classes;C:\Users\Aviv\.m2\repository\org\junit\jupiter\junit-jupiter-engine\5.9.1\junit-jupiter-engine-5.9.1.jar;C:\Users\Aviv\.m2\repository\org\junit\platform\junit-platform-engine\1.9.1\junit-platform-engine-1.9.1.jar;C:\Users\Aviv\.m2\repository\org\opentest4j\opentest4j\1.2.0\opentest4j-1.2.0.jar;C:\Users\Aviv\.m2\repository\org\junit\platform\junit-platform-commons\1.9.1\junit-platform-commons-1.9.1.jar;C:\Users\Aviv\.m2\repository\org\junit\jupiter\junit-jupiter-api\5.9.1\junit-jupiter-api-5.9.1.jar;C:\Users\Aviv\.m2\repository\org\apiguardian\apiguardian-api\1.1.2\apiguardian-api-1.1.2.jar;C:\Users\Aviv\.m2\repository\org\mockito\mockito-core\4.9.0\mockito-core-4.9.0.jar;C:\Users\Aviv\.m2\repository\net\bytebuddy\byte-buddy\1.12.16\byte-buddy-1.12.16.jar;C:\Users\Aviv\.m2\repository\net\bytebuddy\byte-buddy-agent\1.12.16\byte-buddy-agent-1.12.16.jar;C:\Users\Aviv\.m2\repository\org\objenesis\objenesis\3.3\objenesis-3.3.jar;C:\Users\Aviv\.m2\repository\org\mockito\mockito-junit-jupiter\4.9.0\mockito-junit-jupiter-4.9.0.jar;"/>
    <property name="java.vm.vendor" value="Oracle Corporation"/>
    <property name="sun.arch.data.model" value="64"/>
    <property name="user.variant" value=""/>
    <property name="java.vendor.url" value="https://java.oracle.com/"/>
    <property name="user.timezone" value="Asia/Jerusalem"/>
    <property name="os.name" value="Windows 10"/>
    <property name="java.vm.specification.version" value="13"/>
    <property name="sun.java.launcher" value="SUN_STANDARD"/>
    <property name="user.country" value="US"/>
    <property name="sun.boot.library.path" value="C:\Program Files\Java\jdk-13.0.1\bin"/>
    <property name="sun.java.command" value="C:\Users\Aviv\AppData\Local\Temp\surefire4813480228713636016\surefirebooter-20221222095110578_3.jar C:\Users\Aviv\AppData\Local\Temp\surefire4813480228713636016 2022-12-22T09-51-04_993-jvmRun1 surefire-20221222095110578_1tmp surefire_0-20221222095110578_2tmp"/>
    <property name="jdk.debug" value="release"/>
    <property name="surefire.test.class.path" value="D:\Users\Aviv\University\SPL-ASSIGNMENTS\SPL-ASSIGNMENT_2\target\test-classes;D:\Users\Aviv\University\SPL-ASSIGNMENTS\SPL-ASSIGNMENT_2\target\classes;C:\Users\Aviv\.m2\repository\org\junit\jupiter\junit-jupiter-engine\5.9.1\junit-jupiter-engine-5.9.1.jar;C:\Users\Aviv\.m2\repository\org\junit\platform\junit-platform-engine\1.9.1\junit-platform-engine-1.9.1.jar;C:\Users\Aviv\.m2\repository\org\opentest4j\opentest4j\1.2.0\opentest4j-1.2.0.jar;C:\Users\Aviv\.m2\repository\org\junit\platform\junit-platform-commons\1.9.1\junit-platform-commons-1.9.1.jar;C:\Users\Aviv\.m2\repository\org\junit\jupiter\junit-jupiter-api\5.9.1\junit-jupiter-api-5.9.1.jar;C:\Users\Aviv\.m2\repository\org\apiguardian\apiguardian-api\1.1.2\apiguardian-api-1.1.2.jar;C:\Users\Aviv\.m2\repository\org\mockito\mockito-core\4.9.0\mockito-core-4.9.0.jar;C:\Users\Aviv\.m2\repository\net\bytebuddy\byte-buddy\1.12.16\byte-buddy-1.12.16.jar;C:\Users\Aviv\.m2\repository\net\bytebuddy\byte-buddy-agent\1.12.16\byte-buddy-agent-1.12.16.jar;C:\Users\Aviv\.m2\repository\org\objenesis\objenesis\3.3\objenesis-3.3.jar;C:\Users\Aviv\.m2\repository\org\mockito\mockito-junit-jupiter\4.9.0\mockito-junit-jupiter-4.9.0.jar;"/>
    <property name="sun.cpu.endian" value="little"/>
    <property name="user.home" value="C:\Users\Aviv"/>
    <property name="user.language" value="en"/>
    <property name="java.specification.vendor" value="Oracle Corporation"/>
    <property name="java.version.date" value="2019-10-15"/>
    <property name="java.home" value="C:\Program Files\Java\jdk-13.0.1"/>
    <property name="file.separator" value="\"/>
    <property name="basedir" value="D:\Users\Aviv\University\SPL-ASSIGNMENTS\SPL-ASSIGNMENT_2"/>
    <property name="java.vm.compressedOopsMode" value="Zero based"/>
    <property name="line.separator" value="&#10;"/>
    <property name="java.vm.specification.vendor" value="Oracle Corporation"/>
    <property name="java.specification.name" value="Java Platform API Specification"/>
    <property name="surefire.real.class.path" value="C:\Users\Aviv\AppData\Local\Temp\surefire4813480228713636016\surefirebooter-20221222095110578_3.jar"/>
    <property name="user.script" value=""/>
    <property name="sun.management.compiler" value="HotSpot 64-Bit Tiered Compilers"/>
    <property name="java.runtime.version" value="13.0.1+9"/>
    <property name="user.name" value="Aviv"/>
    <property name="path.separator" value=";"/>
    <property name="os.version" value="10.0"/>
    <property name="java.runtime.name" value="Java(TM) SE Runtime Environment"/>
    <property name="file.encoding" value="Cp1252"/>
    <property name="java.vm.name" value="Java HotSpot(TM) 64-Bit Server VM"/>
    <property name="localRepository" value="C:\Users\Aviv\.m2\repository"/>
    <property name="java.vendor.url.bug" value="https://bugreport.java.com/bugreport/"/>
    <property name="java.io.tmpdir" value="C:\Users\Aviv\AppData\Local\Temp\"/>
    <property name="java.version" value="13.0.1"/>
    <property name="user.dir" value="D:\Users\Aviv\University\SPL-ASSIGNMENTS\SPL-ASSIGNMENT_2"/>
    <property name="os.arch" value="amd64"/>
    <property name="java.vm.specification.name" value="Java Virtual Machine Specification"/>
    <property name="sun.os.patch.level" value=""/>
    <property name="java.library.path" value="C:\Program Files\Java\jdk-13.0.1\bin;C:\WINDOWS\Sun\Java\bin;C:\WINDOWS\system32;C:\WINDOWS;C:\Program Files (x86)\Common Files\Oracle\Java\javapath;C:\ProgramData\Oracle\Java\javapath;C:\Windows\system32;C:\Windows;C:\Windows\System32\Wbem;C:\Windows\System32\WindowsPowerShell\v1.0\;C:\WINDOWS\system32;C:\WINDOWS;C:\WINDOWS\System32\Wbem;C:\WINDOWS\System32\WindowsPowerShell\v1.0\;C:\Developer\Ruby23-x64\bin;C:\Users\Aviv\AppData\Local\atom\bin;C:\Users\Aviv\AppData\Local\Microsoft\WindowsApps;C:\Users\Aviv\AppData\Roaming\npm;C:\adb;C:\Program Files (x86)\Windows Kits\8.1\Windows Performance Toolkit\;C:\Program Files (x86)\NVIDIA Corporation\PhysX\Common;C:\WINDOWS\System32\OpenSSH\;C:\Program Files\Java\jdk-12.0.1\bin;C:\Program Files (x86)\Google\Cloud SDK\google-cloud-sdk\bin;C:\Program Files\NVIDIA Corporation\NVIDIA NvDLISR;C:\WINDOWS\system32;C:\WINDOWS;C:\WINDOWS\System32\Wbem;C:\WINDOWS\System32\WindowsPowerShell\v1.0\;C:\WINDOWS\System32\OpenSSH\;C:\Users\Aviv\AppData\Roaming\nvm;C:\Program Files\nodejs;C:\Program Files\nodejs\;C:\Developer\Android\flutter_windows_1.17.1-stable\flutter\bin;C:\Users\Aviv\AppData\Local\Android\Sdk;C:\Program Files\TortoiseSVN\bin;C:\Users\Aviv\AppData\Local\Programs\Python\Python38-32;C:\Program Files\Git\cmd;C:\ProgramData\chocolatey\bin;C:\Developer\Ruby23-x64\bin;C:\Users\Aviv\AppData\Local\atom\bin;C:\Users\Aviv\AppData\Local\Microsoft\WindowsApps;C:\Users\Aviv\AppData\Local\Programs\Microsoft VS Code\bin;C:\Program Files\Java\jdk-13.0.1\bin;C:\Program Files\apache-maven-3.6.3\bin;C:\Users\Aviv\AppData\Roaming\nvm;C:\Program Files\nodejs;%NPM_HOME%;C:\Users\Aviv\AppData\Local\Programs\Python\Python38-32\;C:\Developer\Android\flutter_windows_1.17.1-stable\flutter\bin;C:\Users\Aviv\AppData\Local\Android\Sdk;C:\Users\Aviv\AppData\Local\Programs\Python\Python38-32\scripts;C:\Users\Aviv\AppData\Local\GitHubDesktop\bin;C:\MinGW\bin;;."/>
    <property name="java.vm.info" value="mixed mode, sharing"/>
    <property name="java.vendor" value="Oracle Corporation"/>
    <property name="java.vm.version" value="13.0.1+9"/>
    <property name="sun.io.unicode.encoding" value="UnicodeLittle"/>
    <property name="java.class.version" value="57.0"/>
  </properties>
  <testcase name="resetTimer" classname="bguspl.set.ex.DealerTest" time="0.929"/>
  <testcase name="placeAllCardsOnTable" classname="bguspl.set.ex.DealerTest" time="1.346">
    <system-out><![CDATA[-------------------------
Hint: Set found: slots: [1, 2, 9] features: [[0, 1, 2, 0], [1, 1, 1, 0], [2, 1, 0, 0]]
Hint: Set found: slots: [3, 5, 6] features: [[0, 1, 1, 2], [1, 2, 2, 0], [2, 0, 0, 1]]
Hint: Set found: slots: [4, 8, 10] features: [[1, 0, 2, 2], [1, 1, 1, 2], [1, 2, 0, 2]]
Hint: Set found: slots: [6, 7, 10] features: [[1, 2, 0, 2], [1, 2, 1, 1], [1, 2, 2, 0]]
]]></system-out>
  </testcase>
</testsuite>